ThreadID()::Level()::getThrownClassName()::getSourceClassName()::getSourceMethodName():: Date()::getMessage()
1::SEVERE::SQLIntegrityConstraintViolationException::ci.inventory.dao.ProductsDao::create::Tue Dec 05 05:54:00 CST 2023::Duplicate entry 'Coka' for key 'products.designation_UNIQUE'
1::SEVERE::NullPointerException::ci.inventory.dao.ProductsDao::create::Tue Dec 05 05:54:01 CST 2023::Cannot invoke "java.sql.ResultSet.close()" because "rs" is null
1::SEVERE::SQLIntegrityConstraintViolationException::ci.inventory.dao.ProductsDao::create::Tue Dec 05 05:54:09 CST 2023::Duplicate entry 'Fanta' for key 'products.designation_UNIQUE'
1::SEVERE::NullPointerException::ci.inventory.dao.ProductsDao::create::Tue Dec 05 05:54:09 CST 2023::Cannot invoke "java.sql.ResultSet.close()" because "rs" is null
1::SEVERE::SQLIntegrityConstraintViolationException::ci.inventory.dao.ProductsDao::create::Tue Dec 05 05:54:09 CST 2023::Duplicate entry 'Sprite' for key 'products.designation_UNIQUE'
1::SEVERE::NullPointerException::ci.inventory.dao.ProductsDao::create::Tue Dec 05 05:54:09 CST 2023::Cannot invoke "java.sql.ResultSet.close()" because "rs" is null
1::SEVERE::SQLIntegrityConstraintViolationException::ci.inventory.dao.ProductsDao::create::Tue Dec 05 05:54:09 CST 2023::Duplicate entry 'Banana' for key 'products.designation_UNIQUE'
1::SEVERE::NullPointerException::ci.inventory.dao.ProductsDao::create::Tue Dec 05 05:54:09 CST 2023::Cannot invoke "java.sql.ResultSet.close()" because "rs" is null
1::INFO::No Thrown class::ci.inventory.dao.ProductsDao::getAll::Tue Dec 05 05:54:09 CST 2023::Products list retrieved
1::INFO::No Thrown class::ci.inventory.dao.ProductsDao::getById::Tue Dec 05 05:54:19 CST 2023::Products with id 5 retrieved
1::INFO::No Thrown class::ci.inventory.dao.ProductsDao::getAll::Tue Dec 05 05:54:22 CST 2023::Products list retrieved
1::SEVERE::SQLIntegrityConstraintViolationException::ci.inventory.dao.ProductsDao::create::Tue Dec 05 09:22:11 CST 2023::Duplicate entry 'Coka' for key 'products.designation_UNIQUE'
1::SEVERE::NullPointerException::ci.inventory.dao.ProductsDao::create::Tue Dec 05 09:22:11 CST 2023::Cannot invoke "java.sql.ResultSet.close()" because "rs" is null
1::SEVERE::SQLIntegrityConstraintViolationException::ci.inventory.dao.ProductsDao::create::Tue Dec 05 09:22:11 CST 2023::Duplicate entry 'Fanta' for key 'products.designation_UNIQUE'
1::SEVERE::NullPointerException::ci.inventory.dao.ProductsDao::create::Tue Dec 05 09:22:11 CST 2023::Cannot invoke "java.sql.ResultSet.close()" because "rs" is null
1::SEVERE::SQLIntegrityConstraintViolationException::ci.inventory.dao.ProductsDao::create::Tue Dec 05 09:22:11 CST 2023::Duplicate entry 'Sprite' for key 'products.designation_UNIQUE'
1::SEVERE::NullPointerException::ci.inventory.dao.ProductsDao::create::Tue Dec 05 09:22:11 CST 2023::Cannot invoke "java.sql.ResultSet.close()" because "rs" is null
1::SEVERE::SQLIntegrityConstraintViolationException::ci.inventory.dao.ProductsDao::create::Tue Dec 05 09:22:11 CST 2023::Duplicate entry 'Banana' for key 'products.designation_UNIQUE'
1::SEVERE::NullPointerException::ci.inventory.dao.ProductsDao::create::Tue Dec 05 09:22:11 CST 2023::Cannot invoke "java.sql.ResultSet.close()" because "rs" is null
1::INFO::No Thrown class::ci.inventory.dao.ProductsDao::getAll::Tue Dec 05 09:22:11 CST 2023::Products list retrieved
1::INFO::No Thrown class::ci.inventory.dao.ProductsDao::getById::Tue Dec 05 09:27:26 CST 2023::Products with id 1 retrieved
1::INFO::No Thrown class::ci.inventory.dao.ProductsDao::getAll::Tue Dec 05 09:27:28 CST 2023::Products list retrieved
1::SEVERE::SQLIntegrityConstraintViolationException::ci.inventory.dao.ProductsDao::create::Tue Dec 05 11:15:29 CST 2023::Duplicate entry 'Coka' for key 'products.designation_UNIQUE'
1::SEVERE::NullPointerException::ci.inventory.dao.ProductsDao::create::Tue Dec 05 11:15:29 CST 2023::Cannot invoke "java.sql.ResultSet.close()" because "rs" is null
1::SEVERE::SQLIntegrityConstraintViolationException::ci.inventory.dao.ProductsDao::create::Tue Dec 05 11:15:29 CST 2023::Duplicate entry 'Coka' for key 'products.designation_UNIQUE'
1::SEVERE::NullPointerException::ci.inventory.dao.ProductsDao::create::Tue Dec 05 11:15:29 CST 2023::Cannot invoke "java.sql.ResultSet.close()" because "rs" is null
1::SEVERE::SQLIntegrityConstraintViolationException::ci.inventory.dao.ProductsDao::create::Tue Dec 05 14:33:10 CST 2023::Duplicate entry 'Coka' for key 'products.designation_UNIQUE'
1::SEVERE::NullPointerException::ci.inventory.dao.ProductsDao::create::Tue Dec 05 14:33:10 CST 2023::Cannot invoke "java.sql.ResultSet.close()" because "rs" is null
1::SEVERE::SQLIntegrityConstraintViolationException::ci.inventory.dao.ProductsDao::create::Tue Dec 05 14:33:10 CST 2023::Duplicate entry 'Coka' for key 'products.designation_UNIQUE'
1::SEVERE::NullPointerException::ci.inventory.dao.ProductsDao::create::Tue Dec 05 14:33:10 CST 2023::Cannot invoke "java.sql.ResultSet.close()" because "rs" is null
1::SEVERE::SQLIntegrityConstraintViolationException::ci.inventory.dao.ProductsDao::create::Tue Dec 05 14:34:30 CST 2023::Duplicate entry 'Coka' for key 'products.designation_UNIQUE'
1::SEVERE::NullPointerException::ci.inventory.dao.ProductsDao::create::Tue Dec 05 14:34:30 CST 2023::Cannot invoke "java.sql.ResultSet.close()" because "rs" is null
1::SEVERE::SQLIntegrityConstraintViolationException::ci.inventory.dao.ProductsDao::create::Tue Dec 05 14:34:30 CST 2023::Duplicate entry 'Coka' for key 'products.designation_UNIQUE'
1::SEVERE::NullPointerException::ci.inventory.dao.ProductsDao::create::Tue Dec 05 14:34:30 CST 2023::Cannot invoke "java.sql.ResultSet.close()" because "rs" is null
1::SEVERE::SQLIntegrityConstraintViolationException::ci.inventory.dao.ProductsDao::create::Tue Dec 05 14:34:59 CST 2023::Duplicate entry 'Coka' for key 'products.designation_UNIQUE'
1::SEVERE::NullPointerException::ci.inventory.dao.ProductsDao::create::Tue Dec 05 14:34:59 CST 2023::Cannot invoke "java.sql.ResultSet.close()" because "rs" is null
1::SEVERE::SQLIntegrityConstraintViolationException::ci.inventory.dao.ProductsDao::create::Tue Dec 05 14:34:59 CST 2023::Duplicate entry 'Coka' for key 'products.designation_UNIQUE'
1::SEVERE::NullPointerException::ci.inventory.dao.ProductsDao::create::Tue Dec 05 14:34:59 CST 2023::Cannot invoke "java.sql.ResultSet.close()" because "rs" is null
1::SEVERE::SQLIntegrityConstraintViolationException::ci.inventory.dao.ProductsDao::create::Tue Dec 05 14:37:08 CST 2023::Duplicate entry 'Coka' for key 'products.designation_UNIQUE'
1::SEVERE::NullPointerException::ci.inventory.dao.ProductsDao::create::Tue Dec 05 14:37:08 CST 2023::Cannot invoke "java.sql.ResultSet.close()" because "rs" is null
1::SEVERE::SQLIntegrityConstraintViolationException::ci.inventory.dao.ProductsDao::create::Tue Dec 05 14:37:08 CST 2023::Duplicate entry 'Coka' for key 'products.designation_UNIQUE'
1::SEVERE::NullPointerException::ci.inventory.dao.ProductsDao::create::Tue Dec 05 14:37:08 CST 2023::Cannot invoke "java.sql.ResultSet.close()" because "rs" is null
1::SEVERE::SQLIntegrityConstraintViolationException::ci.inventory.dao.ProductsDao::create::Tue Dec 05 15:35:53 CST 2023::Duplicate entry 'Coka' for key 'products.designation_UNIQUE'
1::SEVERE::NullPointerException::ci.inventory.dao.ProductsDao::create::Tue Dec 05 15:35:53 CST 2023::Cannot invoke "java.sql.ResultSet.close()" because "rs" is null
1::SEVERE::SQLIntegrityConstraintViolationException::ci.inventory.dao.ProductsDao::create::Tue Dec 05 15:35:53 CST 2023::Duplicate entry 'Coka' for key 'products.designation_UNIQUE'
1::SEVERE::NullPointerException::ci.inventory.dao.ProductsDao::create::Tue Dec 05 15:35:53 CST 2023::Cannot invoke "java.sql.ResultSet.close()" because "rs" is null
1::SEVERE::SQLIntegrityConstraintViolationException::ci.inventory.dao.ProductsDao::create::Tue Dec 05 16:30:46 CST 2023::Duplicate entry 'Coka' for key 'products.designation_UNIQUE'
1::SEVERE::NullPointerException::ci.inventory.dao.ProductsDao::create::Tue Dec 05 16:30:46 CST 2023::Cannot invoke "java.sql.ResultSet.close()" because "rs" is null
1::SEVERE::SQLIntegrityConstraintViolationException::ci.inventory.dao.ProductsDao::create::Tue Dec 05 16:30:46 CST 2023::Duplicate entry 'Coka' for key 'products.designation_UNIQUE'
1::SEVERE::NullPointerException::ci.inventory.dao.ProductsDao::create::Tue Dec 05 16:30:46 CST 2023::Cannot invoke "java.sql.ResultSet.close()" because "rs" is null
1::SEVERE::SQLIntegrityConstraintViolationException::ci.inventory.dao.ProductsDao::create::Tue Dec 05 16:46:47 CST 2023::Duplicate entry 'Coka' for key 'products.designation_UNIQUE'
1::SEVERE::NullPointerException::ci.inventory.dao.ProductsDao::create::Tue Dec 05 16:46:47 CST 2023::Cannot invoke "java.sql.ResultSet.close()" because "rs" is null
1::SEVERE::SQLIntegrityConstraintViolationException::ci.inventory.dao.ProductsDao::create::Tue Dec 05 16:46:47 CST 2023::Duplicate entry 'Coka' for key 'products.designation_UNIQUE'
1::SEVERE::NullPointerException::ci.inventory.dao.ProductsDao::create::Tue Dec 05 16:46:47 CST 2023::Cannot invoke "java.sql.ResultSet.close()" because "rs" is null
1::SEVERE::SQLIntegrityConstraintViolationException::ci.inventory.dao.ProductsDao::create::Tue Dec 05 16:47:59 CST 2023::Duplicate entry 'Coka' for key 'products.designation_UNIQUE'
1::SEVERE::NullPointerException::ci.inventory.dao.ProductsDao::create::Tue Dec 05 16:47:59 CST 2023::Cannot invoke "java.sql.ResultSet.close()" because "rs" is null
1::SEVERE::SQLIntegrityConstraintViolationException::ci.inventory.dao.ProductsDao::create::Tue Dec 05 16:47:59 CST 2023::Duplicate entry 'Coka' for key 'products.designation_UNIQUE'
1::SEVERE::NullPointerException::ci.inventory.dao.ProductsDao::create::Tue Dec 05 16:47:59 CST 2023::Cannot invoke "java.sql.ResultSet.close()" because "rs" is null
1::SEVERE::SQLIntegrityConstraintViolationException::ci.inventory.dao.ProductsDao::create::Tue Dec 05 17:10:13 CST 2023::Duplicate entry 'Coka' for key 'products.designation_UNIQUE'
1::SEVERE::NullPointerException::ci.inventory.dao.ProductsDao::create::Tue Dec 05 17:10:13 CST 2023::Cannot invoke "java.sql.ResultSet.close()" because "rs" is null
1::SEVERE::SQLIntegrityConstraintViolationException::ci.inventory.dao.ProductsDao::create::Tue Dec 05 17:10:13 CST 2023::Duplicate entry 'Coka' for key 'products.designation_UNIQUE'
1::SEVERE::NullPointerException::ci.inventory.dao.ProductsDao::create::Tue Dec 05 17:10:13 CST 2023::Cannot invoke "java.sql.ResultSet.close()" because "rs" is null
1::SEVERE::SQLIntegrityConstraintViolationException::ci.inventory.dao.ProductsDao::create::Tue Dec 05 17:11:13 CST 2023::Duplicate entry 'Coka' for key 'products.designation_UNIQUE'
1::SEVERE::NullPointerException::ci.inventory.dao.ProductsDao::create::Tue Dec 05 17:11:13 CST 2023::Cannot invoke "java.sql.ResultSet.close()" because "rs" is null
1::SEVERE::SQLIntegrityConstraintViolationException::ci.inventory.dao.ProductsDao::create::Tue Dec 05 17:11:13 CST 2023::Duplicate entry 'Coka' for key 'products.designation_UNIQUE'
1::SEVERE::NullPointerException::ci.inventory.dao.ProductsDao::create::Tue Dec 05 17:11:13 CST 2023::Cannot invoke "java.sql.ResultSet.close()" because "rs" is null
1::SEVERE::SQLIntegrityConstraintViolationException::ci.inventory.dao.ProductsDao::create::Tue Dec 05 17:39:34 CST 2023::Duplicate entry 'Coka' for key 'products.designation_UNIQUE'
1::SEVERE::NullPointerException::ci.inventory.dao.ProductsDao::create::Tue Dec 05 17:39:35 CST 2023::Cannot invoke "java.sql.ResultSet.close()" because "rs" is null
1::SEVERE::SQLIntegrityConstraintViolationException::ci.inventory.dao.ProductsDao::create::Tue Dec 05 17:39:35 CST 2023::Duplicate entry 'Coka' for key 'products.designation_UNIQUE'
1::SEVERE::NullPointerException::ci.inventory.dao.ProductsDao::create::Tue Dec 05 17:39:35 CST 2023::Cannot invoke "java.sql.ResultSet.close()" because "rs" is null
1::SEVERE::SQLIntegrityConstraintViolationException::ci.inventory.dao.ProductsDao::create::Tue Dec 05 17:40:50 CST 2023::Duplicate entry 'Coka' for key 'products.designation_UNIQUE'
1::SEVERE::NullPointerException::ci.inventory.dao.ProductsDao::create::Tue Dec 05 17:40:50 CST 2023::Cannot invoke "java.sql.ResultSet.close()" because "rs" is null
1::SEVERE::SQLIntegrityConstraintViolationException::ci.inventory.dao.ProductsDao::create::Tue Dec 05 17:40:50 CST 2023::Duplicate entry 'Coka' for key 'products.designation_UNIQUE'
1::SEVERE::NullPointerException::ci.inventory.dao.ProductsDao::create::Tue Dec 05 17:40:50 CST 2023::Cannot invoke "java.sql.ResultSet.close()" because "rs" is null
1::SEVERE::SQLIntegrityConstraintViolationException::ci.inventory.dao.ProductsDao::create::Tue Dec 05 17:43:11 CST 2023::Duplicate entry 'Coka' for key 'products.designation_UNIQUE'
1::SEVERE::NullPointerException::ci.inventory.dao.ProductsDao::create::Tue Dec 05 17:43:11 CST 2023::Cannot invoke "java.sql.ResultSet.close()" because "rs" is null
1::SEVERE::SQLIntegrityConstraintViolationException::ci.inventory.dao.ProductsDao::create::Tue Dec 05 17:43:11 CST 2023::Duplicate entry 'Coka' for key 'products.designation_UNIQUE'
1::SEVERE::NullPointerException::ci.inventory.dao.ProductsDao::create::Tue Dec 05 17:43:11 CST 2023::Cannot invoke "java.sql.ResultSet.close()" because "rs" is null
1::SEVERE::SQLIntegrityConstraintViolationException::ci.inventory.dao.ProductsDao::create::Tue Dec 05 17:44:10 CST 2023::Duplicate entry 'Coka' for key 'products.designation_UNIQUE'
1::SEVERE::NullPointerException::ci.inventory.dao.ProductsDao::create::Tue Dec 05 17:44:10 CST 2023::Cannot invoke "java.sql.ResultSet.close()" because "rs" is null
1::SEVERE::SQLIntegrityConstraintViolationException::ci.inventory.dao.ProductsDao::create::Tue Dec 05 17:44:10 CST 2023::Duplicate entry 'Coka' for key 'products.designation_UNIQUE'
1::SEVERE::NullPointerException::ci.inventory.dao.ProductsDao::create::Tue Dec 05 17:44:10 CST 2023::Cannot invoke "java.sql.ResultSet.close()" because "rs" is null
1::SEVERE::SQLIntegrityConstraintViolationException::ci.inventory.dao.ProductsDao::create::Tue Dec 05 22:04:44 CST 2023::Duplicate entry 'Coka' for key 'products.designation_UNIQUE'
1::SEVERE::NullPointerException::ci.inventory.dao.ProductsDao::create::Tue Dec 05 22:04:44 CST 2023::Cannot invoke "java.sql.ResultSet.close()" because "rs" is null
1::SEVERE::SQLIntegrityConstraintViolationException::ci.inventory.dao.ProductsDao::create::Tue Dec 05 22:04:44 CST 2023::Duplicate entry 'Coka' for key 'products.designation_UNIQUE'
1::SEVERE::NullPointerException::ci.inventory.dao.ProductsDao::create::Tue Dec 05 22:04:44 CST 2023::Cannot invoke "java.sql.ResultSet.close()" because "rs" is null
1::SEVERE::SQLIntegrityConstraintViolationException::ci.inventory.dao.ProductsDao::create::Tue Dec 05 22:05:21 CST 2023::Duplicate entry 'Coka' for key 'products.designation_UNIQUE'
1::SEVERE::NullPointerException::ci.inventory.dao.ProductsDao::create::Tue Dec 05 22:05:21 CST 2023::Cannot invoke "java.sql.ResultSet.close()" because "rs" is null
1::SEVERE::SQLIntegrityConstraintViolationException::ci.inventory.dao.ProductsDao::create::Tue Dec 05 22:05:21 CST 2023::Duplicate entry 'Coka' for key 'products.designation_UNIQUE'
1::SEVERE::NullPointerException::ci.inventory.dao.ProductsDao::create::Tue Dec 05 22:05:21 CST 2023::Cannot invoke "java.sql.ResultSet.close()" because "rs" is null
1::SEVERE::SQLIntegrityConstraintViolationException::ci.inventory.dao.ProductsDao::create::Tue Dec 05 22:11:07 CST 2023::Duplicate entry 'Coka' for key 'products.designation_UNIQUE'
1::SEVERE::NullPointerException::ci.inventory.dao.ProductsDao::create::Tue Dec 05 22:11:07 CST 2023::Cannot invoke "java.sql.ResultSet.close()" because "rs" is null
1::SEVERE::SQLIntegrityConstraintViolationException::ci.inventory.dao.ProductsDao::create::Tue Dec 05 22:11:07 CST 2023::Duplicate entry 'Coka' for key 'products.designation_UNIQUE'
1::SEVERE::NullPointerException::ci.inventory.dao.ProductsDao::create::Tue Dec 05 22:11:07 CST 2023::Cannot invoke "java.sql.ResultSet.close()" because "rs" is null
1::SEVERE::SQLIntegrityConstraintViolationException::ci.inventory.dao.ProductsDao::create::Tue Dec 05 22:11:30 CST 2023::Duplicate entry 'Coka' for key 'products.designation_UNIQUE'
1::SEVERE::NullPointerException::ci.inventory.dao.ProductsDao::create::Tue Dec 05 22:11:30 CST 2023::Cannot invoke "java.sql.ResultSet.close()" because "rs" is null
1::SEVERE::SQLIntegrityConstraintViolationException::ci.inventory.dao.ProductsDao::create::Tue Dec 05 22:11:30 CST 2023::Duplicate entry 'Coka' for key 'products.designation_UNIQUE'
1::SEVERE::NullPointerException::ci.inventory.dao.ProductsDao::create::Tue Dec 05 22:11:30 CST 2023::Cannot invoke "java.sql.ResultSet.close()" because "rs" is null
1::SEVERE::SQLIntegrityConstraintViolationException::ci.inventory.dao.ProductsDao::create::Tue Dec 05 22:29:54 CST 2023::Duplicate entry 'Coka' for key 'products.designation_UNIQUE'
1::SEVERE::NullPointerException::ci.inventory.dao.ProductsDao::create::Tue Dec 05 22:29:54 CST 2023::Cannot invoke "java.sql.ResultSet.close()" because "rs" is null
1::SEVERE::SQLIntegrityConstraintViolationException::ci.inventory.dao.ProductsDao::create::Tue Dec 05 22:29:54 CST 2023::Duplicate entry 'Coka' for key 'products.designation_UNIQUE'
1::SEVERE::NullPointerException::ci.inventory.dao.ProductsDao::create::Tue Dec 05 22:29:54 CST 2023::Cannot invoke "java.sql.ResultSet.close()" because "rs" is null
1::SEVERE::SQLIntegrityConstraintViolationException::ci.inventory.dao.ProductsDao::create::Tue Dec 05 22:32:50 CST 2023::Duplicate entry 'Coka' for key 'products.designation_UNIQUE'
1::SEVERE::NullPointerException::ci.inventory.dao.ProductsDao::create::Tue Dec 05 22:32:50 CST 2023::Cannot invoke "java.sql.ResultSet.close()" because "rs" is null
1::SEVERE::SQLIntegrityConstraintViolationException::ci.inventory.dao.ProductsDao::create::Tue Dec 05 22:32:50 CST 2023::Duplicate entry 'Coka' for key 'products.designation_UNIQUE'
1::SEVERE::NullPointerException::ci.inventory.dao.ProductsDao::create::Tue Dec 05 22:32:50 CST 2023::Cannot invoke "java.sql.ResultSet.close()" because "rs" is null
1::SEVERE::SQLIntegrityConstraintViolationException::ci.inventory.dao.ProductsDao::create::Tue Dec 05 22:34:06 CST 2023::Duplicate entry 'Coka' for key 'products.designation_UNIQUE'
1::SEVERE::NullPointerException::ci.inventory.dao.ProductsDao::create::Tue Dec 05 22:34:06 CST 2023::Cannot invoke "java.sql.ResultSet.close()" because "rs" is null
1::SEVERE::SQLIntegrityConstraintViolationException::ci.inventory.dao.ProductsDao::create::Tue Dec 05 22:34:06 CST 2023::Duplicate entry 'Coka' for key 'products.designation_UNIQUE'
1::SEVERE::NullPointerException::ci.inventory.dao.ProductsDao::create::Tue Dec 05 22:34:06 CST 2023::Cannot invoke "java.sql.ResultSet.close()" because "rs" is null
1::SEVERE::SQLIntegrityConstraintViolationException::ci.inventory.dao.ProductsDao::create::Tue Dec 05 22:35:32 CST 2023::Duplicate entry 'Coka' for key 'products.designation_UNIQUE'
1::SEVERE::NullPointerException::ci.inventory.dao.ProductsDao::create::Tue Dec 05 22:35:32 CST 2023::Cannot invoke "java.sql.ResultSet.close()" because "rs" is null
1::SEVERE::SQLIntegrityConstraintViolationException::ci.inventory.dao.ProductsDao::create::Tue Dec 05 22:35:32 CST 2023::Duplicate entry 'Coka' for key 'products.designation_UNIQUE'
1::SEVERE::NullPointerException::ci.inventory.dao.ProductsDao::create::Tue Dec 05 22:35:32 CST 2023::Cannot invoke "java.sql.ResultSet.close()" because "rs" is null
1::SEVERE::SQLIntegrityConstraintViolationException::ci.inventory.dao.ProductsDao::create::Tue Dec 05 22:36:13 CST 2023::Duplicate entry 'Coka' for key 'products.designation_UNIQUE'
1::SEVERE::NullPointerException::ci.inventory.dao.ProductsDao::create::Tue Dec 05 22:36:13 CST 2023::Cannot invoke "java.sql.ResultSet.close()" because "rs" is null
1::SEVERE::SQLIntegrityConstraintViolationException::ci.inventory.dao.ProductsDao::create::Tue Dec 05 22:36:13 CST 2023::Duplicate entry 'Coka' for key 'products.designation_UNIQUE'
1::SEVERE::NullPointerException::ci.inventory.dao.ProductsDao::create::Tue Dec 05 22:36:13 CST 2023::Cannot invoke "java.sql.ResultSet.close()" because "rs" is null
1::SEVERE::SQLIntegrityConstraintViolationException::ci.inventory.dao.ProductsDao::create::Tue Dec 05 22:37:29 CST 2023::Duplicate entry 'Coka' for key 'products.designation_UNIQUE'
1::SEVERE::NullPointerException::ci.inventory.dao.ProductsDao::create::Tue Dec 05 22:37:29 CST 2023::Cannot invoke "java.sql.ResultSet.close()" because "rs" is null
1::SEVERE::SQLIntegrityConstraintViolationException::ci.inventory.dao.ProductsDao::create::Tue Dec 05 22:37:29 CST 2023::Duplicate entry 'Coka' for key 'products.designation_UNIQUE'
1::SEVERE::NullPointerException::ci.inventory.dao.ProductsDao::create::Tue Dec 05 22:37:29 CST 2023::Cannot invoke "java.sql.ResultSet.close()" because "rs" is null
1::SEVERE::SQLIntegrityConstraintViolationException::ci.inventory.dao.ProductsDao::create::Tue Dec 05 23:30:03 CST 2023::Duplicate entry 'Coka' for key 'products.designation_UNIQUE'
1::SEVERE::NullPointerException::ci.inventory.dao.ProductsDao::create::Tue Dec 05 23:30:03 CST 2023::Cannot invoke "java.sql.ResultSet.close()" because "rs" is null
1::SEVERE::SQLIntegrityConstraintViolationException::ci.inventory.dao.ProductsDao::create::Tue Dec 05 23:30:03 CST 2023::Duplicate entry 'Coka' for key 'products.designation_UNIQUE'
1::SEVERE::NullPointerException::ci.inventory.dao.ProductsDao::create::Tue Dec 05 23:30:03 CST 2023::Cannot invoke "java.sql.ResultSet.close()" because "rs" is null
1::SEVERE::SQLIntegrityConstraintViolationException::ci.inventory.dao.ProductsDao::create::Tue Dec 05 23:30:03 CST 2023::Duplicate entry 'Coka' for key 'products.designation_UNIQUE'
1::SEVERE::NullPointerException::ci.inventory.dao.ProductsDao::create::Tue Dec 05 23:30:03 CST 2023::Cannot invoke "java.sql.ResultSet.close()" because "rs" is null
1::SEVERE::SQLIntegrityConstraintViolationException::ci.inventory.dao.ProductsDao::create::Tue Dec 05 23:30:03 CST 2023::Duplicate entry 'Coka' for key 'products.designation_UNIQUE'
1::SEVERE::NullPointerException::ci.inventory.dao.ProductsDao::create::Tue Dec 05 23:30:03 CST 2023::Cannot invoke "java.sql.ResultSet.close()" because "rs" is null
1::SEVERE::SQLIntegrityConstraintViolationException::ci.inventory.dao.ProductsDao::create::Tue Dec 05 23:32:41 CST 2023::Duplicate entry 'Coka' for key 'products.designation_UNIQUE'
1::SEVERE::NullPointerException::ci.inventory.dao.ProductsDao::create::Tue Dec 05 23:32:41 CST 2023::Cannot invoke "java.sql.ResultSet.close()" because "rs" is null
1::SEVERE::SQLIntegrityConstraintViolationException::ci.inventory.dao.ProductsDao::create::Tue Dec 05 23:32:41 CST 2023::Duplicate entry 'Coka' for key 'products.designation_UNIQUE'
1::SEVERE::NullPointerException::ci.inventory.dao.ProductsDao::create::Tue Dec 05 23:32:41 CST 2023::Cannot invoke "java.sql.ResultSet.close()" because "rs" is null
1::SEVERE::SQLIntegrityConstraintViolationException::ci.inventory.dao.ProductsDao::create::Tue Dec 05 23:34:45 CST 2023::Duplicate entry 'Coka' for key 'products.designation_UNIQUE'
1::SEVERE::NullPointerException::ci.inventory.dao.ProductsDao::create::Tue Dec 05 23:34:45 CST 2023::Cannot invoke "java.sql.ResultSet.close()" because "rs" is null
1::SEVERE::SQLIntegrityConstraintViolationException::ci.inventory.dao.ProductsDao::create::Tue Dec 05 23:34:45 CST 2023::Duplicate entry 'Coka' for key 'products.designation_UNIQUE'
1::SEVERE::NullPointerException::ci.inventory.dao.ProductsDao::create::Tue Dec 05 23:34:45 CST 2023::Cannot invoke "java.sql.ResultSet.close()" because "rs" is null
1::SEVERE::SQLIntegrityConstraintViolationException::ci.inventory.dao.ProductsDao::create::Tue Dec 05 23:35:40 CST 2023::Duplicate entry 'Coka' for key 'products.designation_UNIQUE'
1::SEVERE::NullPointerException::ci.inventory.dao.ProductsDao::create::Tue Dec 05 23:35:40 CST 2023::Cannot invoke "java.sql.ResultSet.close()" because "rs" is null
1::SEVERE::SQLIntegrityConstraintViolationException::ci.inventory.dao.ProductsDao::create::Tue Dec 05 23:35:40 CST 2023::Duplicate entry 'Coka' for key 'products.designation_UNIQUE'
1::SEVERE::NullPointerException::ci.inventory.dao.ProductsDao::create::Tue Dec 05 23:35:40 CST 2023::Cannot invoke "java.sql.ResultSet.close()" because "rs" is null
1::SEVERE::SQLIntegrityConstraintViolationException::ci.inventory.dao.ProductsDao::create::Tue Dec 05 23:35:40 CST 2023::Duplicate entry 'Coka' for key 'products.designation_UNIQUE'
1::SEVERE::NullPointerException::ci.inventory.dao.ProductsDao::create::Tue Dec 05 23:35:40 CST 2023::Cannot invoke "java.sql.ResultSet.close()" because "rs" is null
1::SEVERE::SQLIntegrityConstraintViolationException::ci.inventory.dao.ProductsDao::create::Tue Dec 05 23:35:40 CST 2023::Duplicate entry 'Coka' for key 'products.designation_UNIQUE'
1::SEVERE::NullPointerException::ci.inventory.dao.ProductsDao::create::Tue Dec 05 23:35:40 CST 2023::Cannot invoke "java.sql.ResultSet.close()" because "rs" is null
1::SEVERE::SQLIntegrityConstraintViolationException::ci.inventory.dao.ProductsDao::create::Tue Dec 05 23:37:22 CST 2023::Duplicate entry 'Coka' for key 'products.designation_UNIQUE'
1::SEVERE::NullPointerException::ci.inventory.dao.ProductsDao::create::Tue Dec 05 23:37:22 CST 2023::Cannot invoke "java.sql.ResultSet.close()" because "rs" is null
1::SEVERE::SQLIntegrityConstraintViolationException::ci.inventory.dao.ProductsDao::create::Tue Dec 05 23:37:22 CST 2023::Duplicate entry 'Coka' for key 'products.designation_UNIQUE'
1::SEVERE::NullPointerException::ci.inventory.dao.ProductsDao::create::Tue Dec 05 23:37:22 CST 2023::Cannot invoke "java.sql.ResultSet.close()" because "rs" is null
