[core]
	repositoryformatversion = 0
	filemode = false
	bare = false
	logallrefupdates = true
	symlinks = false
	ignorecase = true
[submodule]
	active = .
[remote "origin"]
	url = https://github.com/SallyKone/smo_telco.git
	fetch = +refs/heads/*:refs/remotes/origin/*
[branch "master"]
	remote = origin
	merge = refs/heads/master
----------------------------------------------------
gitconfig

[diff "astextplain"]
	textconv = astextplain
[filter "lfs"]
	clean = git-lfs clean -- %f
	smudge = git-lfs smudge -- %f
	process = git-lfs filter-process
	required = true
[http]
	sslBackend = openssl
	sslCAInfo = C:/Program Files/Git/mingw64/etc/ssl/certs/ca-bundle.crt
[core]
	autocrlf = true
	fscache = true
	symlinks = true
	fsmonitor = true
	editor = "\"C:\\\\Program Files\\\\Microsoft Visual Studio\\\\2022\\\\Community\\\\Common7\\\\IDE\\\\devenv.exe\" "
[pull]
	rebase = false
[credential]
	helper = manager
[credential "https://dev.azure.com"]
	useHttpPath = true
[init]
	defaultBranch = prince
--------------------------------------------------------------
.gitconfig

[filter "lfs"]
	clean = git-lfs clean -- %f
	smudge = git-lfs smudge -- %f
	process = git-lfs filter-process
	required = true
[user]
	name = Nycky11
	email = jeanboh8@gmail.com
[core]
	autocrlf = true
	excludesfile = C:\\Users\\Jeanvy\\Documents\\gitignore_global.txt
[difftool "sourcetree"]
	cmd = "'' "
[mergetool "sourcetree"]
	cmd = "'' "
	trustExitCode = true
